<?xml version="1.0" encoding="UTF-8"?>
<!-- Generated by org.testng.reporters.JUnitReportReporter -->
<testsuite hostname="DESKTOP-DJ4IH5F" failures="0" tests="1" name="testcases.UserApiTest" time="0.518" errors="0" timestamp="2024-10-10T15:50:50 IST" skipped="0">
  <testcase classname="testcases.UserApiTest" name="validateUsersAPI" time="0.518"/>
  <system-out/>
</testsuite> <!-- testcases.UserApiTest -->
