<?xml version="1.0" encoding="UTF-8"?>
<!-- Generated by org.testng.reporters.JUnitReportReporter -->
<testsuite hostname="DESKTOP-DJ4IH5F" failures="0" tests="1" name="testcases.TodosAPITest" time="46.367" errors="0" timestamp="2024-10-10T15:50:50 IST" skipped="0">
  <testcase classname="testcases.TodosAPITest" name="validateTodosForFanCodeUsers" time="46.367"/>
  <system-out/>
</testsuite> <!-- testcases.TodosAPITest -->
